Number of Atoms :        8
Number of Frequency :    18
Vertical Gradient Method: Yes/No = 1/0    0
Herzberg-Teller term: Yes/No = 1/0     1
Electronic Energy Gap(cm-1) :                   34131.5701
Temperature(K) :                                  298.1500
Frequency Domain Min, Max and Delta(cm-1) :      10000.0000     50000.0000         5.0000
Time Domain Delta and PointCount :                  1.0000   40000
Damping Factor(cm-1) :                            300.0000
Incident Laser Frequency(cm-1) :                34131.5701
EPSILON Factor(cm-1) :                             25.0000
Electronic Dipole Strength(a.u.) :                  0.0008         0.0025        -0.0406
The Kind of Spectrum : Vibrational Absorption Spectra (VAS)  
Frequency Scale Factor :   1.0000  1.0000

Atomic number   Mass        DeltaX         DeltaY         DeltaZ
    1         1.0078         0.0692         0.0685         0.0056
    6        12.0000         0.0149         0.0019         0.0002
    6        12.0000         0.0291         0.0262         0.0010
    8        15.9949         0.0566         0.0139         0.0003
    6        12.0000         0.0267         0.0187         0.0017
    1         1.0078         0.0256         0.0290         0.0013
    1         1.0078         0.0609         0.0558         0.0046
    1         1.0078         0.0315         0.0373         0.0017

Check Unitary Properties of Ground Normal Mode
    1    1          1.000
    2    2          1.000
    3    3          1.000
    4    4          1.000
    5    5          1.000
    6    6          1.000
    7    7          1.000
    8    8          1.000
    9    9          1.000
   10   10          1.000
   11   11          1.000
   12   12          1.000
   13   13          1.000
   14   14          1.000
   15   15          1.000
   16   16          1.000
   17   17          1.000
   18   18          1.000

Check Unitary Properties of Excited Normal Mode
    1    1          1.000
    2    2          1.000
    3    3          1.000
    4    4          1.000
    5    5          1.000
    6    6          1.000
    7    7          1.000
    8    8          1.000
    9    9          1.000
   10   10          1.000
   11   11          1.000
   12   12          1.000
   13   13          1.000
   14   14          1.000
   15   15          1.000
   16   16          1.000
   17   17          1.000
   18   18          1.000
   -0.979604    -0.000000     0.000000     0.080876     0.000000    -0.163948    -0.054120    -0.031949    -0.000000     0.000000    -0.000000     0.000000     0.000000    -0.000000     0.000000     0.000000    -0.000000     0.000000
    0.000000    -0.972040     0.222285     0.000000     0.013099     0.000000     0.000000     0.000000    -0.062824     0.022426     0.020759    -0.002559    -0.002076    -0.004792     0.016785     0.015402    -0.001127    -0.004455
   -0.099667    -0.000000    -0.000001     0.559138    -0.000000     0.768379     0.158716     0.248282     0.000000    -0.000000    -0.000000     0.000000    -0.000000     0.000000     0.000000     0.000000    -0.000000     0.000000
   -0.000000     0.229201     0.962120    -0.000000     0.076812     0.000001     0.000000     0.000000    -0.107459    -0.001428     0.057393    -0.011727     0.023332     0.000913     0.005646    -0.011897    -0.000443     0.003082
    0.164140     0.000000     0.000001     0.820847     0.000000    -0.518007    -0.153179    -0.082348    -0.000000     0.000000    -0.000000     0.000000     0.000000     0.000000    -0.000000     0.000000     0.000000     0.000000
   -0.000000     0.000261    -0.096740    -0.000000     0.980466     0.000000     0.000000     0.000000    -0.144688    -0.016583     0.032414    -0.034473    -0.026865     0.061662     0.014845    -0.031504    -0.001102     0.011151
   -0.001334     0.000000    -0.000000    -0.035673    -0.000000    -0.335246     0.519643     0.785045     0.000000    -0.000000     0.000000    -0.000000    -0.000000    -0.000000     0.000000    -0.000000    -0.000000     0.000000
   -0.013877    -0.000000     0.000000     0.072706    -0.000000    -0.043663     0.823642    -0.560555    -0.000000     0.000000    -0.000000     0.000000     0.000000     0.000000     0.000000     0.000000    -0.000000    -0.000000
    0.000000    -0.031171     0.115278    -0.000000     0.159433    -0.000000    -0.000000     0.000000     0.844042     0.192057    -0.420969     0.178055     0.033667    -0.003716     0.019155    -0.023505     0.004012     0.004829
    0.000000    -0.011335    -0.002662     0.000000     0.037270    -0.000000     0.000000    -0.000000     0.459501     0.030672     0.846679    -0.243720     0.021220    -0.074464    -0.062799    -0.012643    -0.001971     0.004636
   -0.000000     0.028459    -0.024332     0.000000    -0.021500     0.000000     0.000000     0.000000    -0.171749     0.974386     0.040290    -0.087009    -0.085974     0.046192     0.002098    -0.017078     0.011788    -0.002032
    0.000000     0.006281    -0.024903    -0.000000     0.032812     0.000000    -0.000000     0.000000    -0.087759     0.088114     0.262547     0.875676     0.257596    -0.281476    -0.014599    -0.000125    -0.007477     0.033638
   -0.000000    -0.000846     0.015609    -0.000000    -0.047400    -0.000000    -0.000000    -0.000000     0.046996    -0.048932     0.162852     0.357864    -0.523379     0.750169     0.032896     0.001497     0.002650     0.022942
    0.000000     0.007046     0.019772    -0.000000     0.020023     0.000000     0.000000    -0.000000     0.009162    -0.034768    -0.020361     0.057067    -0.805167    -0.587070    -0.009894     0.000692    -0.010490     0.031091
    0.000000     0.014883    -0.011021     0.000000    -0.014253    -0.000000    -0.000000    -0.000000     0.013912    -0.001446     0.058170    -0.016918     0.014461    -0.040017     0.996635    -0.012249    -0.011233     0.011393
   -0.000000    -0.017522    -0.007218     0.000000    -0.035999     0.000000    -0.000000    -0.000000    -0.017827    -0.018910    -0.005061    -0.001239     0.001783     0.001713    -0.014260    -0.987469    -0.133221     0.067488
   -0.000000    -0.003609    -0.000807    -0.000000    -0.004363     0.000000     0.000000    -0.000000    -0.003833    -0.014243     0.003161     0.002659    -0.001702    -0.010324     0.008056    -0.126935     0.987896     0.086628
    0.000000    -0.003879    -0.000983    -0.000000    -0.009836    -0.000000     0.000000    -0.000000    -0.001942     0.002999    -0.014907    -0.039199     0.028207     0.011582    -0.011054     0.078927    -0.076499     0.992461

Frequency   Initial         Final          DeltaQ           HR             HR'
    1       183.6895       182.2732        -0.0000         0.0000         0.0000
    2       355.4632       341.5919       -14.6453         0.1669         0.1702
    3       621.5993       520.1912        -0.0000         0.0000         0.0000
    4       676.8710       543.2100        14.9292         0.2758         0.3060
    5      1020.9140       705.9369         0.0000         0.0000         0.0000
    6      1133.0144      1000.4418        -2.2348         0.0114         0.0121
    7      1140.9931      1051.8142         0.0000         0.0000         0.0000
    8      1183.9802      1132.3121        -0.0000         0.0000         0.0000
    9      1296.9625      1228.1983        -0.4569         0.0006         0.0006
   10      1438.2891      1326.6978         0.3954         0.0005         0.0005
   11      1534.3168      1449.6286         0.3097         0.0003         0.0003
   12      1606.3762      1578.0560         6.5800         0.1557         0.1570
   13      1834.6320      1628.9991       -11.2032         0.4658         0.4934
   14      1914.6971      1796.9535         2.8738         0.0338         0.0349
   15      3205.4891      3261.2735         0.0312         0.0000         0.0000
   16      3329.1500      3338.3266         0.0325         0.0000         0.0000
   17      3378.0567      3365.4151         0.0187         0.0000         0.0000
   18      3425.2854      3430.8532        -0.0709         0.0000         0.0000

reorganization energy, omega lambda value and normalized
    1    182.2732  0.7141D-14  0.5931D-17
    2    341.5919  0.7069D-02  0.1100D-04
    3    520.1912  0.4191D-13  0.9935D-16
    4    543.2100  0.1858D-01  0.4598D-04
    5    705.9369  0.7796D-14  0.2507D-16
    6   1000.4418  0.1412D-02  0.6436D-05
    7   1051.8142  0.1085D-15  0.5199D-18
    8   1132.3121  0.4071D-14  0.2100D-16
    9   1228.1983  0.8893D-04  0.4977D-06
   10   1326.6978  0.7773D-04  0.4699D-06
   11   1449.6286  0.5694D-04  0.3761D-06
   12   1578.0560  0.3045D-01  0.2190D-03
   13   1628.9991  0.9408D-01  0.6983D-03
   14   1796.9535  0.7533D-02  0.6167D-04
   15   3261.2735  0.2930D-05  0.4354D-07
   16   3338.3266  0.3325D-05  0.5057D-07
   17   3365.4151  0.1124D-05  0.1724D-07
   18   3430.8532  0.1671D-04  0.2611D-06

Total reorganization energy and its correction with ZPE
           0.1594           0.1772

 row  column   Initial          Final          Duschinsky(row,column)
    1    1       183.6895       182.2732        -0.9796        -0.9758
    2    2       355.4632       341.5919        -0.9720        -0.9529
    3    4       621.5993       543.2100         0.9621         0.8994
    4    3       676.8710       520.1912         0.5591         0.4902
    4    5       676.8710       705.9369         0.8208         0.8383
    5    6      1020.9140      1000.4418         0.9805         0.9706
    6    3      1133.0144       520.1912         0.7684         0.5206
    6    5      1133.0144       705.9369        -0.5180        -0.4089
    7    7      1140.9931      1051.8142         0.5196         0.4989
    7    8      1140.9931      1132.3121         0.8236         0.8205
    8    7      1183.9802      1051.8142         0.7850         0.7399
    8    8      1183.9802      1132.3121        -0.5606        -0.5482
    9    9      1296.9625      1228.1983         0.8440         0.8214
   10   11      1438.2891      1449.6286         0.9744         0.9782
   11   10      1534.3168      1326.6978         0.8467         0.7873
   12   12      1606.3762      1578.0560         0.8757         0.8679
   13   13      1834.6320      1628.9991        -0.5234        -0.4932
   13   14      1834.6320      1796.9535        -0.8052        -0.7969
   14   13      1914.6971      1628.9991         0.7502         0.6919
   14   14      1914.6971      1796.9535        -0.5871        -0.5687
   15   15      3205.4891      3261.2735         0.9966         1.0053
   16   16      3329.1500      3338.3266        -0.9875        -0.9888
   17   17      3378.0567      3365.4151         0.9879         0.9860
   18   18      3425.2854      3430.8532         0.9925         0.9933

Check Unitary Properties of Duschinsky Matrix
    1    1          0.997
    2    2          1.000
    3    3          1.000
    4    4          1.000
    5    5          1.000
    6    6          1.000
    7    7          1.000
    8    8          1.000
    9    9          1.000
   10   10          1.000
   11   11          1.000
   12   12          1.000
   13   13          1.000
   14   14          1.000
   15   15          1.000
   16   16          1.000
   17   17          1.000
   18   18          1.000

Check Properties of Displacement Vector Re*Le-Rg*Lg*S(T)-D
    1        -0.0001
    2       -29.2907
    3        -0.0000
    4        29.8585
    5         0.0000
    6        -4.4695
    7         0.0000
    8        -0.0000
    9        -0.9137
   10         0.7908
   11         0.6195
   12        13.1600
   13       -22.4064
   14         5.7476
   15         0.0625
   16         0.0650
   17         0.0375
   18        -0.1418

Dimensionless Displacement Vector
     -0.0000
     -0.5778
     -0.0000
      0.7427
      0.0000
     -0.1509
      0.0000
     -0.0000
     -0.0342
      0.0307
      0.0252
      0.5579
     -0.9652
      0.2600
      0.0038
      0.0040
      0.0023
     -0.0089

Dimensionless Duschinsky rotation matrix
    1    1     -0.9758
    2    2     -0.9529
    3    4      0.8994
    4    3      0.4902
    4    5      0.8383
    5    6      0.9706
    6    3      0.5206
    6    5     -0.4089
    7    7      0.4989
    7    8      0.8205
    8    7      0.7399
    8    8     -0.5482
    9    9      0.8214
    9   10      0.4647
   10   11      0.9782
   11   10      0.7873
   12   12      0.8679
   13   13     -0.4932
   13   14     -0.7969
   14   13      0.6919
   14   14     -0.5687
   15   15      1.0053
   16   16     -0.9888
   17   17      0.9860
   18   18      0.9933
Reminder: transition dipole derivatives are calculated at excited state equilibrium geometry.

The HT term for electric transition
   1   -0.007614   -0.003394   -0.000357
   2    0.000012    0.000039   -0.000633
   3   -0.000030   -0.000094    0.001535
   4    0.006189    0.002466    0.000272
   5   -0.000084   -0.000264    0.004305
   6   -0.010219    0.015395    0.000742
   7   -0.015527   -0.003216   -0.000501
   8    0.013251    0.014171    0.001128
   9    0.000108    0.000337   -0.005506
  10    0.000029    0.000091   -0.001488
  11   -0.000128   -0.000401    0.006547
  12    0.000022    0.000067   -0.001099
  13    0.000018    0.000055   -0.000899
  14   -0.000000   -0.000001    0.000017
  15   -0.000211   -0.000660    0.010774
  16   -0.000022   -0.000069    0.001129
  17    0.000018    0.000056   -0.000920
  18    0.000029    0.000089   -0.001455

TimeDomain Info, DeltaT and PointCount :          50.2425             72
Get Ground/Excited-state Information
After TimeDomain Frank-Condon
Temperature is not zero
After ABS or FLUO
Begin to Output Spectra
End

The Program Time : 0 Hours 0 Minutes 49 Seconds
